app/build/intermediates/manifest_merge_blame_file/debug/processDebugMainManifest/manifest-merger-blame-debug-report.txt
1<?xml version="1.0" encoding="utf-8"?>
2<manifest xmlns:android="http://schemas.android.com/apk/res/android"
3    package="com.cachecleaner.app"
4    android:versionCode="1"
5    android:versionName="1.0.0" >
6
7    <uses-sdk
8        android:minSdkVersion="26"
9        android:targetSdkVersion="34" />
10
11    <!-- Permission to query app storage stats (StorageStatsManager) -->
12    <uses-permission android:name="android.permission.PACKAGE_USAGE_STATS" />
12-->src\main\AndroidManifest.xml:6:5-8:47
12-->src\main\AndroidManifest.xml:7:9-62
13
14    <!-- Permission to query all installed apps on Android 11+ -->
15    <uses-permission android:name="android.permission.QUERY_ALL_PACKAGES" />
15-->src\main\AndroidManifest.xml:11:5-13:53
15-->src\main\AndroidManifest.xml:12:9-61
16
17    <!-- Storage permissions for external cache & junk scanner -->
18    <uses-permission android:name="android.permission.READ_EXTERNAL_STORAGE" />
18-->src\main\AndroidManifest.xml:16:5-80
18-->src\main\AndroidManifest.xml:16:22-77
19    <uses-permission
19-->src\main\AndroidManifest.xml:17:5-19:38
20        android:name="android.permission.WRITE_EXTERNAL_STORAGE"
20-->src\main\AndroidManifest.xml:18:9-65
21        android:maxSdkVersion="29" />
21-->src\main\AndroidManifest.xml:19:9-35
22    <uses-permission android:name="android.permission.MANAGE_EXTERNAL_STORAGE" />
22-->src\main\AndroidManifest.xml:20:5-22:40
22-->src\main\AndroidManifest.xml:21:9-66
23
24    <!-- Post notifications for cleaning completion -->
25    <uses-permission android:name="android.permission.POST_NOTIFICATIONS" />
25-->src\main\AndroidManifest.xml:25:5-77
25-->src\main\AndroidManifest.xml:25:22-74
26
27    <!-- Queries declaration for Android 11+ package visibility -->
28    <queries>
28-->src\main\AndroidManifest.xml:28:5-36:15
29        <intent>
29-->src\main\AndroidManifest.xml:29:9-31:18
30            <action android:name="android.intent.action.MAIN" />
30-->src\main\AndroidManifest.xml:30:13-65
30-->src\main\AndroidManifest.xml:30:21-62
31        </intent>
32        <intent>
32-->src\main\AndroidManifest.xml:32:9-35:18
33            <action android:name="android.intent.action.MAIN" />
33-->src\main\AndroidManifest.xml:30:13-65
33-->src\main\AndroidManifest.xml:30:21-62
34
35            <category android:name="android.intent.category.LAUNCHER" />
35-->src\main\AndroidManifest.xml:34:13-73
35-->src\main\AndroidManifest.xml:34:23-70
36        </intent>
37    </queries>
38
39    <permission
39-->[androidx.core:core:1.13.1] AndroidManifest.xml:22:5-24:47
40        android:name="com.cachecleaner.app.DYNAMIC_RECEIVER_NOT_EXPORTED_PERMISSION"
40-->[androidx.core:core:1.13.1] AndroidManifest.xml:23:9-81
41        android:protectionLevel="signature" />
41-->[androidx.core:core:1.13.1] AndroidManifest.xml:24:9-44
42
43    <uses-permission android:name="com.cachecleaner.app.DYNAMIC_RECEIVER_NOT_EXPORTED_PERMISSION" />
43-->[androidx.core:core:1.13.1] AndroidManifest.xml:26:5-97
43-->[androidx.core:core:1.13.1] AndroidManifest.xml:26:22-94
44
45    <application
45-->src\main\AndroidManifest.xml:38:5-70:19
46        android:allowBackup="true"
46-->src\main\AndroidManifest.xml:39:9-35
47        android:appComponentFactory="androidx.core.app.CoreComponentFactory"
47-->[androidx.core:core:1.13.1] AndroidManifest.xml:28:18-86
48        android:debuggable="true"
49        android:extractNativeLibs="false"
50        android:icon="@drawable/ic_launcher"
50-->src\main\AndroidManifest.xml:40:9-45
51        android:label="@string/app_name"
51-->src\main\AndroidManifest.xml:41:9-41
52        android:roundIcon="@drawable/ic_launcher"
52-->src\main\AndroidManifest.xml:42:9-50
53        android:supportsRtl="true"
53-->src\main\AndroidManifest.xml:43:9-35
54        android:testOnly="true"
55        android:theme="@style/Theme.CacheCleaner" >
55-->src\main\AndroidManifest.xml:44:9-50
56        <activity
56-->src\main\AndroidManifest.xml:46:9-53:20
57            android:name="com.cachecleaner.app.ui.MainActivity"
57-->src\main\AndroidManifest.xml:47:13-44
58            android:exported="true" >
58-->src\main\AndroidManifest.xml:48:13-36
59            <intent-filter>
59-->src\main\AndroidManifest.xml:49:13-52:29
60                <action android:name="android.intent.action.MAIN" />
60-->src\main\AndroidManifest.xml:30:13-65
60-->src\main\AndroidManifest.xml:30:21-62
61
62                <category android:name="android.intent.category.LAUNCHER" />
62-->src\main\AndroidManifest.xml:34:13-73
62-->src\main\AndroidManifest.xml:34:23-70
63            </intent-filter>
64        </activity>
65
66        <!-- Accessibility Service for automated cache clearing -->
67        <service
67-->src\main\AndroidManifest.xml:56:9-68:19
68            android:name="com.cachecleaner.app.service.CacheCleanerAccessibilityService"
68-->src\main\AndroidManifest.xml:57:13-69
69            android:description="@string/accessibility_service_description"
69-->src\main\AndroidManifest.xml:60:13-76
70            android:exported="true"
70-->src\main\AndroidManifest.xml:61:13-36
71            android:label="@string/accessibility_service_label"
71-->src\main\AndroidManifest.xml:59:13-64
72            android:permission="android.permission.BIND_ACCESSIBILITY_SERVICE" >
72-->src\main\AndroidManifest.xml:58:13-79
73            <intent-filter>
73-->src\main\AndroidManifest.xml:62:13-64:29
74                <action android:name="android.accessibilityservice.AccessibilityService" />
74-->src\main\AndroidManifest.xml:63:17-92
74-->src\main\AndroidManifest.xml:63:25-89
75            </intent-filter>
76
77            <meta-data
77-->src\main\AndroidManifest.xml:65:13-67:72
78                android:name="android.accessibilityservice"
78-->src\main\AndroidManifest.xml:66:17-60
79                android:resource="@xml/accessibility_service_config" />
79-->src\main\AndroidManifest.xml:67:17-69
80        </service>
81
82        <provider
82-->[androidx.emoji2:emoji2:1.3.0] AndroidManifest.xml:24:9-32:20
83            android:name="androidx.startup.InitializationProvider"
83-->[androidx.emoji2:emoji2:1.3.0] AndroidManifest.xml:25:13-67
84            android:authorities="com.cachecleaner.app.androidx-startup"
84-->[androidx.emoji2:emoji2:1.3.0] AndroidManifest.xml:26:13-68
85            android:exported="false" >
85-->[androidx.emoji2:emoji2:1.3.0] AndroidManifest.xml:27:13-37
86            <meta-data
86-->[androidx.emoji2:emoji2:1.3.0] AndroidManifest.xml:29:13-31:52
87                android:name="androidx.emoji2.text.EmojiCompatInitializer"
87-->[androidx.emoji2:emoji2:1.3.0] AndroidManifest.xml:30:17-75
88                android:value="androidx.startup" />
88-->[androidx.emoji2:emoji2:1.3.0] AndroidManifest.xml:31:17-49
89            <meta-data
89-->[androidx.lifecycle:lifecycle-process:2.8.4] AndroidManifest.xml:29:13-31:52
90                android:name="androidx.lifecycle.ProcessLifecycleInitializer"
90-->[androidx.lifecycle:lifecycle-process:2.8.4] AndroidManifest.xml:30:17-78
91                android:value="androidx.startup" />
91-->[androidx.lifecycle:lifecycle-process:2.8.4] AndroidManifest.xml:31:17-49
92            <meta-data
92-->[androidx.profileinstaller:profileinstaller:1.3.1] AndroidManifest.xml:29:13-31:52
93                android:name="androidx.profileinstaller.ProfileInstallerInitializer"
93-->[androidx.profileinstaller:profileinstaller:1.3.1] AndroidManifest.xml:30:17-85
94                android:value="androidx.startup" />
94-->[androidx.profileinstaller:profileinstaller:1.3.1] AndroidManifest.xml:31:17-49
95        </provider>
96
97        <receiver
97-->[androidx.profileinstaller:profileinstaller:1.3.1] AndroidManifest.xml:34:9-52:20
98            android:name="androidx.profileinstaller.ProfileInstallReceiver"
98-->[androidx.profileinstaller:profileinstaller:1.3.1] AndroidManifest.xml:35:13-76
99            android:directBootAware="false"
99-->[androidx.profileinstaller:profileinstaller:1.3.1] AndroidManifest.xml:36:13-44
100            android:enabled="true"
100-->[androidx.profileinstaller:profileinstaller:1.3.1] AndroidManifest.xml:37:13-35
101            android:exported="true"
101-->[androidx.profileinstaller:profileinstaller:1.3.1] AndroidManifest.xml:38:13-36
102            android:permission="android.permission.DUMP" >
102-->[androidx.profileinstaller:profileinstaller:1.3.1] AndroidManifest.xml:39:13-57
103            <intent-filter>
103-->[androidx.profileinstaller:profileinstaller:1.3.1] AndroidManifest.xml:40:13-42:29
104                <action android:name="androidx.profileinstaller.action.INSTALL_PROFILE" />
104-->[androidx.profileinstaller:profileinstaller:1.3.1] AndroidManifest.xml:41:17-91
104-->[androidx.profileinstaller:profileinstaller:1.3.1] AndroidManifest.xml:41:25-88
105            </intent-filter>
106            <intent-filter>
106-->[androidx.profileinstaller:profileinstaller:1.3.1] AndroidManifest.xml:43:13-45:29
107                <action android:name="androidx.profileinstaller.action.SKIP_FILE" />
107-->[androidx.profileinstaller:profileinstaller:1.3.1] AndroidManifest.xml:44:17-85
107-->[androidx.profileinstaller:profileinstaller:1.3.1] AndroidManifest.xml:44:25-82
108            </intent-filter>
109            <intent-filter>
109-->[androidx.profileinstaller:profileinstaller:1.3.1] AndroidManifest.xml:46:13-48:29
110                <action android:name="androidx.profileinstaller.action.SAVE_PROFILE" />
110-->[androidx.profileinstaller:profileinstaller:1.3.1] AndroidManifest.xml:47:17-88
110-->[androidx.profileinstaller:profileinstaller:1.3.1] AndroidManifest.xml:47:25-85
111            </intent-filter>
112            <intent-filter>
112-->[androidx.profileinstaller:profileinstaller:1.3.1] AndroidManifest.xml:49:13-51:29
113                <action android:name="androidx.profileinstaller.action.BENCHMARK_OPERATION" />
113-->[androidx.profileinstaller:profileinstaller:1.3.1] AndroidManifest.xml:50:17-95
113-->[androidx.profileinstaller:profileinstaller:1.3.1] AndroidManifest.xml:50:25-92
114            </intent-filter>
115        </receiver>
116    </application>
117
118</manifest>